[INFO]: 2025-07-12 19:37:53 - VideoScanAndRefreshHelper is not running
[INFO]: 2025-07-12 19:37:53 - Http Server Shutdown Successfully
[INFO]: 2025-07-12 19:37:53 - Http Server Shutdown Done.
[INFO]: 2025-07-12 19:37:53 - Try Start Http Server At Port 19035
[INFO]: 2025-07-12 19:37:53 - Setup is Done
[INFO]: 2025-07-12 19:37:53 - PreJob Will Start...
[INFO]: 2025-07-12 19:37:53 - PreJob.HotFix() Start...
[INFO]: 2025-07-12 19:37:53 - If you have a lot of videos, it may take a lot of time, just wait...
[INFO]: 2025-07-12 19:37:53 - Hotfix 001 Start...
[INFO]: 2025-07-12 19:37:53 - Fix Movie Dir Index 0 /media/Videos/Movies Start...
[INFO]: 2025-07-12 19:37:53 - Fix Movie Dir Index 0 /media/Videos/Movies End...
[INFO]: 2025-07-12 19:37:53 - Fix Series Dir Index 0 /media/Videos/TV Shows/ Start...
[INFO]: 2025-07-12 19:37:53 - Fix Series Dir Index 0 /media/Videos/TV Shows/ End...
[INFO]: 2025-07-12 19:37:53 - Fix Series Dir Index 1 /media/Videos/Animes/ Start...
[INFO]: 2025-07-12 19:37:53 - Fix Series Dir Index 1 /media/Videos/Animes/ End...
[INFO]: 2025-07-12 19:37:53 - Hotfix 001 End
[INFO]: 2025-07-12 19:37:53 - Hotfix 001 is Recorded
[INFO]: 2025-07-12 19:37:53 - Hotfix 002 Start...
[INFO]: 2025-07-12 19:37:53 - Hotfix 002 End
[INFO]: 2025-07-12 19:37:53 - Hotfix 002, process ==  true
[INFO]: 2025-07-12 19:37:53 - Hotfix 002 is Recorded
[INFO]: 2025-07-12 19:37:53 - Hotfix 003 Start...
[INFO]: 2025-07-12 19:37:53 - Hotfix 003 End
[INFO]: 2025-07-12 19:37:53 - Hotfix 003, process ==  true
[INFO]: 2025-07-12 19:37:53 - Hotfix 003 is Recorded
[INFO]: 2025-07-12 19:37:53 - Hotfix 004 Start...
[INFO]: 2025-07-12 19:37:53 - Hotfix 004 End
[INFO]: 2025-07-12 19:37:53 - Hotfix 004, process ==  true
[INFO]: 2025-07-12 19:37:53 - Hotfix 004 is Recorded
[INFO]: 2025-07-12 19:37:53 - Hotfix 005 Start...
[INFO]: 2025-07-12 19:37:53 - Hotfix 005 End
[INFO]: 2025-07-12 19:37:53 - Hotfix 005, process ==  true
[INFO]: 2025-07-12 19:37:53 - Hotfix 005 is Recorded
[INFO]: 2025-07-12 19:37:53 - Hotfix 006 Start...
[INFO]: 2025-07-12 19:37:53 - Hotfix 006 End
[INFO]: 2025-07-12 19:37:53 - Hotfix 006, process ==  true
[INFO]: 2025-07-12 19:37:53 - Hotfix 006 is Recorded
[INFO]: 2025-07-12 19:37:53 - Hotfix 007 Start...
[INFO]: 2025-07-12 19:37:53 - Hotfix 007 End
[INFO]: 2025-07-12 19:37:53 - Hotfix 007, process ==  true
[INFO]: 2025-07-12 19:37:54 - Hotfix 007 is Recorded
[INFO]: 2025-07-12 19:37:54 - PreJob.HotFix() End
[INFO]: 2025-07-12 19:37:54 - PreJob.ChangeSubNameFormat() Start...
[INFO]: 2025-07-12 19:37:54 - If you have a lot of videos, it may take a lot of time, just wait...
[INFO]: 2025-07-12 19:37:54 - AutoDetectThenChangeTo Movie Index 0 /media/Videos/Movies Start
[INFO]: 2025-07-12 19:37:54 - AutoDetectThenChangeTo Movie Index 0 /media/Videos/Movies End
[INFO]: 2025-07-12 19:37:54 - AutoDetectThenChangeTo Series Index 0 /media/Videos/TV Shows/ Start
[INFO]: 2025-07-12 19:37:54 - AutoDetectThenChangeTo Series Index 0 /media/Videos/TV Shows/ End
[INFO]: 2025-07-12 19:37:54 - AutoDetectThenChangeTo Series Index 1 /media/Videos/Animes/ Start
[INFO]: 2025-07-12 19:37:54 - AutoDetectThenChangeTo Series Index 1 /media/Videos/Animes/ End
[INFO]: 2025-07-12 19:37:54 - PreJob.ChangeSubNameFormat() End
[INFO]: 2025-07-12 19:37:54 - PreJob.Wait() Done.
[INFO]: 2025-07-12 19:37:54 - Setup is Done
[INFO]: 2025-07-12 19:37:54 - RunAtStartup: false, so will not Run At Startup
[INFO]: 2025-07-12 19:37:54 - CronHelper Start...
[INFO]: 2025-07-12 19:37:54 - Next Sub Scan Will Process At: 2025-07-13 01:37:54
[INFO]: 2025-07-12 20:37:54 - Download.SupplierCheck() Start ...
[INFO]: 2025-07-12 20:37:54 - PreDownloadProcess.Init().Check().Wait()...
[INFO]: 2025-07-12 20:37:54 - PreDownloadProcess.Init() Start...
[INFO]: 2025-07-12 20:37:54 - ClearRodTmpRootFolder Done
[INFO]: 2025-07-12 20:37:54 - PreDownloadProcess.Init() End
[INFO]: 2025-07-12 20:37:54 - PreDownloadProcess.Check() Start...
[INFO]: 2025-07-12 20:37:54 - UseHttpProxy = false
[INFO]: 2025-07-12 20:37:54 - UrlConnectednessTest Target Site https://baidu.com Speed: 142 ms, Status: true
[INFO]: 2025-07-12 20:37:54 - Check Sub Supplier Start...
[INFO]: 2025-07-12 20:37:54 - xunlei Check Alive = true, Speed = 118 ms
[ERROR]: 2025-07-12 20:38:06 - a4k CheckAlive.Get Get "https://www.a4k.net": EOF
[WARNING]: 2025-07-12 20:38:06 - a4k Check Alive = false
[ERROR]: 2025-07-12 20:38:14 - shooter NewHttpClient: S05E09.mkv Post "https://www.shooter.cn/api/subapi.php": EOF
[ERROR]: 2025-07-12 20:38:14 - shooter CheckAlive Error Post "https://www.shooter.cn/api/subapi.php": EOF
[WARNING]: 2025-07-12 20:38:14 - shooter Check Alive = false
[INFO]: 2025-07-12 20:38:14 - Alive Supplier: xunlei
[INFO]: 2025-07-12 20:38:14 - Check Sub Supplier End
[INFO]: 2025-07-12 20:38:14 - MovieFolder Index 0 -- /media/Videos/Movies
[INFO]: 2025-07-12 20:38:14 - SeriesPaths Index 0 -- /media/Videos/TV Shows/
[INFO]: 2025-07-12 20:38:14 - SeriesPaths Index 1 -- /media/Videos/Animes/
[INFO]: 2025-07-12 20:38:14 - PreDownloadProcess.Check() End
[INFO]: 2025-07-12 20:38:14 - PreDownloadProcess.Wait() Done.
[INFO]: 2025-07-12 20:38:14 - Download.SupplierCheck() End
[INFO]: 2025-07-12 21:37:54 - Download.SupplierCheck() Start ...
[INFO]: 2025-07-12 21:37:54 - PreDownloadProcess.Init().Check().Wait()...
[INFO]: 2025-07-12 21:37:54 - PreDownloadProcess.Init() Start...
[INFO]: 2025-07-12 21:37:54 - ClearRodTmpRootFolder Done
[INFO]: 2025-07-12 21:37:54 - PreDownloadProcess.Init() End
[INFO]: 2025-07-12 21:37:54 - PreDownloadProcess.Check() Start...
[INFO]: 2025-07-12 21:37:54 - UseHttpProxy = false
[INFO]: 2025-07-12 21:37:54 - UrlConnectednessTest Target Site https://baidu.com Speed: 210 ms, Status: true
[INFO]: 2025-07-12 21:37:54 - Check Sub Supplier Start...
[INFO]: 2025-07-12 21:37:54 - xunlei Check Alive = true, Speed = 108 ms
[ERROR]: 2025-07-12 21:37:54 - a4k CheckAlive.Get Get "https://www.a4k.net": dial tcp: lookup www.a4k.net on 172.17.0.1:53: no such host
[WARNING]: 2025-07-12 21:37:54 - a4k Check Alive = false
[INFO]: 2025-07-12 21:37:57 - shooter Check Alive = true, Speed = 3168 ms
[INFO]: 2025-07-12 21:37:57 - Alive Supplier: xunlei
[INFO]: 2025-07-12 21:37:57 - Alive Supplier: shooter
[INFO]: 2025-07-12 21:37:57 - Check Sub Supplier End
[INFO]: 2025-07-12 21:37:57 - MovieFolder Index 0 -- /media/Videos/Movies
[INFO]: 2025-07-12 21:37:57 - SeriesPaths Index 0 -- /media/Videos/TV Shows/
[INFO]: 2025-07-12 21:37:57 - SeriesPaths Index 1 -- /media/Videos/Animes/
[INFO]: 2025-07-12 21:37:57 - PreDownloadProcess.Check() End
[INFO]: 2025-07-12 21:37:57 - PreDownloadProcess.Wait() Done.
[INFO]: 2025-07-12 21:37:57 - Download.SupplierCheck() End
[INFO]: 2025-07-12 21:43:41 - LiteMode is true
[INFO]: 2025-07-12 21:43:41 - ChineseSubFinder Version: v0.55.3 Lite
[INFO]: 2025-07-12 21:43:41 - Reload Log Settings, level = Info
[INFO]: 2025-07-12 21:43:41 - Speed Dev Mode is Off
[INFO]: 2025-07-12 21:43:41 - Download.SupplierCheck() Start ...
[INFO]: 2025-07-12 21:43:41 - PreDownloadProcess.Init().Check().Wait()...
[INFO]: 2025-07-12 21:43:41 - PreDownloadProcess.Init() Start...
[INFO]: 2025-07-12 21:43:41 - ClearRodTmpRootFolder Done
[INFO]: 2025-07-12 21:43:41 - PreDownloadProcess.Init() End
[INFO]: 2025-07-12 21:43:41 - PreDownloadProcess.Check() Start...
[INFO]: 2025-07-12 21:43:41 - UseHttpProxy = false
[INFO]: 2025-07-12 21:43:41 - UrlConnectednessTest Target Site https://baidu.com Speed: 186 ms, Status: true
[INFO]: 2025-07-12 21:43:41 - Check Sub Supplier Start...
[ERROR]: 2025-07-12 21:43:41 - a4k CheckAlive.Get Get "https://www.a4k.net": dial tcp: lookup www.a4k.net on 172.17.0.1:53: no such host
[WARNING]: 2025-07-12 21:43:41 - a4k Check Alive = false
[INFO]: 2025-07-12 21:43:41 - xunlei Check Alive = true, Speed = 242 ms
[INFO]: 2025-07-12 21:43:42 - shooter Check Alive = true, Speed = 612 ms
[INFO]: 2025-07-12 21:43:42 - Alive Supplier: xunlei
[INFO]: 2025-07-12 21:43:42 - Alive Supplier: shooter
[INFO]: 2025-07-12 21:43:42 - Check Sub Supplier End
[INFO]: 2025-07-12 21:43:42 - MovieFolder Index 0 -- /media/Videos/Movies
[INFO]: 2025-07-12 21:43:42 - SeriesPaths Index 0 -- /media/Videos/TV Shows/
[INFO]: 2025-07-12 21:43:42 - SeriesPaths Index 1 -- /media/Videos/Animes/
[INFO]: 2025-07-12 21:43:42 - PreDownloadProcess.Check() End
[INFO]: 2025-07-12 21:43:42 - PreDownloadProcess.Wait() Done.
[INFO]: 2025-07-12 21:43:42 - Download.SupplierCheck() End
[INFO]: 2025-07-12 21:43:42 - Try Start Http Server At Port 19035
[INFO]: 2025-07-12 21:43:42 - Setup is Done
[INFO]: 2025-07-12 21:43:42 - PreJob Will Start...
[INFO]: 2025-07-12 21:43:42 - PreJob.HotFix() Start...
[INFO]: 2025-07-12 21:43:42 - If you have a lot of videos, it may take a lot of time, just wait...
[INFO]: 2025-07-12 21:43:42 - PreJob.HotFix() End
[INFO]: 2025-07-12 21:43:42 - PreJob.ChangeSubNameFormat() Start...
[INFO]: 2025-07-12 21:43:42 - If you have a lot of videos, it may take a lot of time, just wait...
[INFO]: 2025-07-12 21:43:42 - DesSubFormatter == LateTimeSubFormatter then skip process
[INFO]: 2025-07-12 21:43:42 - PreJob.ChangeSubNameFormat() End
[INFO]: 2025-07-12 21:43:42 - PreJob.Wait() Done.
[INFO]: 2025-07-12 21:43:42 - Setup is Done
[INFO]: 2025-07-12 21:43:42 - RunAtStartup: false, so will not Run At Startup
[INFO]: 2025-07-12 21:43:42 - CronHelper Start...
[INFO]: 2025-07-12 21:43:42 - Next Sub Scan Will Process At: 2025-07-13 03:43:42
[INFO]: 2025-07-12 22:43:42 - Download.SupplierCheck() Start ...
[INFO]: 2025-07-12 22:43:42 - PreDownloadProcess.Init().Check().Wait()...
[INFO]: 2025-07-12 22:43:42 - PreDownloadProcess.Init() Start...
[INFO]: 2025-07-12 22:43:42 - ClearRodTmpRootFolder Done
[INFO]: 2025-07-12 22:43:42 - PreDownloadProcess.Init() End
[INFO]: 2025-07-12 22:43:42 - PreDownloadProcess.Check() Start...
[INFO]: 2025-07-12 22:43:42 - UseHttpProxy = false
[ERROR]: 2025-07-12 22:43:47 - UrlConnectednessTest Target Site https://baidu.com, Get "https://baidu.com": context deadline exceeded (Client.Timeout exceeded while awaiting headers)
[INFO]: 2025-07-12 22:43:47 - Check Sub Supplier Start...
[INFO]: 2025-07-12 22:43:48 - shooter Check Alive = true, Speed = 1984 ms
[ERROR]: 2025-07-12 22:43:49 - a4k CheckAlive.Get Get "https://www.a4k.net": dial tcp 198.18.0.196:443: connect: connection refused
[WARNING]: 2025-07-12 22:43:49 - a4k Check Alive = false
[ERROR]: 2025-07-12 22:43:50 - xunlei NewHttpClient: CheckFileName Get "http://sub.xmp.sandai.net:8000/subxl/FB4E2AFF106112136DFC5ACC7339EB29D1EC0CF8.json": dial tcp 198.18.0.197:8000: connect: connection refused
[ERROR]: 2025-07-12 22:43:50 - xunlei CheckAlive Error Get "http://sub.xmp.sandai.net:8000/subxl/FB4E2AFF106112136DFC5ACC7339EB29D1EC0CF8.json": dial tcp 198.18.0.197:8000: connect: connection refused
[WARNING]: 2025-07-12 22:43:50 - xunlei Check Alive = false
[INFO]: 2025-07-12 22:43:50 - Alive Supplier: shooter
[INFO]: 2025-07-12 22:43:50 - Check Sub Supplier End
[INFO]: 2025-07-12 22:43:50 - MovieFolder Index 0 -- /media/Videos/Movies
[INFO]: 2025-07-12 22:43:50 - SeriesPaths Index 0 -- /media/Videos/TV Shows/
[INFO]: 2025-07-12 22:43:50 - SeriesPaths Index 1 -- /media/Videos/Animes/
[INFO]: 2025-07-12 22:43:50 - PreDownloadProcess.Check() End
[INFO]: 2025-07-12 22:43:50 - PreDownloadProcess.Wait() Done.
[INFO]: 2025-07-12 22:43:50 - Download.SupplierCheck() End
[INFO]: 2025-07-12 23:17:17 - LiteMode is true
[INFO]: 2025-07-12 23:17:17 - ChineseSubFinder Version: v0.55.3 Lite
[INFO]: 2025-07-12 23:17:17 - Reload Log Settings, level = Info
[INFO]: 2025-07-12 23:17:17 - Speed Dev Mode is Off
[INFO]: 2025-07-12 23:17:17 - Download.SupplierCheck() Start ...
[INFO]: 2025-07-12 23:17:17 - PreDownloadProcess.Init().Check().Wait()...
[INFO]: 2025-07-12 23:17:17 - PreDownloadProcess.Init() Start...
[INFO]: 2025-07-12 23:17:17 - ClearRodTmpRootFolder Done
[INFO]: 2025-07-12 23:17:17 - PreDownloadProcess.Init() End
[INFO]: 2025-07-12 23:17:17 - PreDownloadProcess.Check() Start...
[INFO]: 2025-07-12 23:17:17 - UseHttpProxy = false
[ERROR]: 2025-07-12 23:17:22 - UrlConnectednessTest Target Site https://baidu.com, Get "https://baidu.com": context deadline exceeded (Client.Timeout exceeded while awaiting headers)
[INFO]: 2025-07-12 23:17:22 - Check Sub Supplier Start...
[ERROR]: 2025-07-12 23:17:42 - shooter NewHttpClient: S05E09.mkv Post "https://www.shooter.cn/api/subapi.php": dial tcp: lookup www.shooter.cn on 172.17.0.1:53: read udp 172.17.0.2:42304->172.17.0.1:53: i/o timeout
[ERROR]: 2025-07-12 23:17:42 - shooter CheckAlive Error Post "https://www.shooter.cn/api/subapi.php": dial tcp: lookup www.shooter.cn on 172.17.0.1:53: read udp 172.17.0.2:42304->172.17.0.1:53: i/o timeout
[WARNING]: 2025-07-12 23:17:42 - shooter Check Alive = false
[ERROR]: 2025-07-12 23:17:42 - a4k CheckAlive.Get Get "https://www.a4k.net": dial tcp: lookup www.a4k.net on 172.17.0.1:53: read udp 172.17.0.2:50624->172.17.0.1:53: read: connection refused
[WARNING]: 2025-07-12 23:17:42 - a4k Check Alive = false
[ERROR]: 2025-07-12 23:17:42 - xunlei NewHttpClient: CheckFileName Get "http://sub.xmp.sandai.net:8000/subxl/FB4E2AFF106112136DFC5ACC7339EB29D1EC0CF8.json": dial tcp: lookup sub.xmp.sandai.net on 172.17.0.1:53: read udp 172.17.0.2:37577->172.17.0.1:53: read: connection refused
[ERROR]: 2025-07-12 23:17:42 - xunlei CheckAlive Error Get "http://sub.xmp.sandai.net:8000/subxl/FB4E2AFF106112136DFC5ACC7339EB29D1EC0CF8.json": dial tcp: lookup sub.xmp.sandai.net on 172.17.0.1:53: read udp 172.17.0.2:37577->172.17.0.1:53: read: connection refused
[WARNING]: 2025-07-12 23:17:42 - xunlei Check Alive = false
[INFO]: 2025-07-12 23:17:42 - Check Sub Supplier End
[INFO]: 2025-07-12 23:17:42 - MovieFolder Index 0 -- /media/Videos/Movies
[INFO]: 2025-07-12 23:17:42 - SeriesPaths Index 0 -- /media/Videos/TV Shows/
[INFO]: 2025-07-12 23:17:42 - SeriesPaths Index 1 -- /media/Videos/Animes/
[INFO]: 2025-07-12 23:17:42 - PreDownloadProcess.Check() End
[INFO]: 2025-07-12 23:17:42 - PreDownloadProcess.Wait() Done.
[INFO]: 2025-07-12 23:17:42 - Download.SupplierCheck() End
[INFO]: 2025-07-12 23:17:42 - Try Start Http Server At Port 19035
[INFO]: 2025-07-12 23:17:42 - Setup is Done
[INFO]: 2025-07-12 23:17:42 - PreJob Will Start...
[INFO]: 2025-07-12 23:17:42 - PreJob.HotFix() Start...
[INFO]: 2025-07-12 23:17:42 - If you have a lot of videos, it may take a lot of time, just wait...
[INFO]: 2025-07-12 23:17:42 - PreJob.HotFix() End
[INFO]: 2025-07-12 23:17:42 - PreJob.ChangeSubNameFormat() Start...
[INFO]: 2025-07-12 23:17:42 - If you have a lot of videos, it may take a lot of time, just wait...
[INFO]: 2025-07-12 23:17:42 - DesSubFormatter == LateTimeSubFormatter then skip process
[INFO]: 2025-07-12 23:17:42 - PreJob.ChangeSubNameFormat() End
[INFO]: 2025-07-12 23:17:42 - PreJob.Wait() Done.
[INFO]: 2025-07-12 23:17:42 - Setup is Done
[INFO]: 2025-07-12 23:17:42 - RunAtStartup: false, so will not Run At Startup
[INFO]: 2025-07-12 23:17:42 - CronHelper Start...
[INFO]: 2025-07-12 23:17:42 - Next Sub Scan Will Process At: 2025-07-13 05:17:42
[INFO]: 2025-07-12 23:39:10 - LiteMode is true
[INFO]: 2025-07-12 23:39:10 - ChineseSubFinder Version: v0.55.3 Lite
[INFO]: 2025-07-12 23:39:10 - Reload Log Settings, level = Info
[INFO]: 2025-07-12 23:39:10 - Speed Dev Mode is Off
[INFO]: 2025-07-12 23:39:10 - Download.SupplierCheck() Start ...
[INFO]: 2025-07-12 23:39:10 - PreDownloadProcess.Init().Check().Wait()...
[INFO]: 2025-07-12 23:39:10 - PreDownloadProcess.Init() Start...
[INFO]: 2025-07-12 23:39:10 - ClearRodTmpRootFolder Done
[INFO]: 2025-07-12 23:39:10 - PreDownloadProcess.Init() End
[INFO]: 2025-07-12 23:39:10 - PreDownloadProcess.Check() Start...
[INFO]: 2025-07-12 23:39:10 - UseHttpProxy = false
[INFO]: 2025-07-12 23:39:11 - UrlConnectednessTest Target Site https://baidu.com Speed: 246 ms, Status: true
[INFO]: 2025-07-12 23:39:11 - Check Sub Supplier Start...
[INFO]: 2025-07-12 23:39:11 - xunlei Check Alive = true, Speed = 128 ms
[ERROR]: 2025-07-12 23:39:11 - a4k CheckAlive.Get Get "https://www.a4k.net": dial tcp: lookup www.a4k.net on 172.17.0.1:53: no such host
[WARNING]: 2025-07-12 23:39:11 - a4k Check Alive = false
[INFO]: 2025-07-12 23:39:12 - shooter Check Alive = true, Speed = 1384 ms
[INFO]: 2025-07-12 23:39:12 - Alive Supplier: xunlei
[INFO]: 2025-07-12 23:39:12 - Alive Supplier: shooter
[INFO]: 2025-07-12 23:39:12 - Check Sub Supplier End
[INFO]: 2025-07-12 23:39:12 - MovieFolder Index 0 -- /media/Videos/Movies
[INFO]: 2025-07-12 23:39:12 - SeriesPaths Index 0 -- /media/Videos/TV Shows/
[INFO]: 2025-07-12 23:39:12 - SeriesPaths Index 1 -- /media/Videos/Animes/
[INFO]: 2025-07-12 23:39:12 - PreDownloadProcess.Check() End
[INFO]: 2025-07-12 23:39:12 - PreDownloadProcess.Wait() Done.
[INFO]: 2025-07-12 23:39:12 - Download.SupplierCheck() End
[INFO]: 2025-07-12 23:39:12 - Try Start Http Server At Port 19035
[INFO]: 2025-07-12 23:39:12 - Setup is Done
[INFO]: 2025-07-12 23:39:12 - PreJob Will Start...
[INFO]: 2025-07-12 23:39:12 - PreJob.HotFix() Start...
[INFO]: 2025-07-12 23:39:12 - If you have a lot of videos, it may take a lot of time, just wait...
[INFO]: 2025-07-12 23:39:12 - PreJob.HotFix() End
[INFO]: 2025-07-12 23:39:12 - PreJob.ChangeSubNameFormat() Start...
[INFO]: 2025-07-12 23:39:12 - If you have a lot of videos, it may take a lot of time, just wait...
[INFO]: 2025-07-12 23:39:12 - DesSubFormatter == LateTimeSubFormatter then skip process
[INFO]: 2025-07-12 23:39:12 - PreJob.ChangeSubNameFormat() End
[INFO]: 2025-07-12 23:39:12 - PreJob.Wait() Done.
[INFO]: 2025-07-12 23:39:12 - Setup is Done
[INFO]: 2025-07-12 23:39:12 - RunAtStartup: false, so will not Run At Startup
[INFO]: 2025-07-12 23:39:12 - CronHelper Start...
[INFO]: 2025-07-12 23:39:12 - Next Sub Scan Will Process At: 2025-07-13 05:39:12
[INFO]: 2025-07-12 23:48:27 - LiteMode is true
[INFO]: 2025-07-12 23:48:27 - ChineseSubFinder Version: v0.55.3 Lite
[INFO]: 2025-07-12 23:48:27 - Reload Log Settings, level = Info
[INFO]: 2025-07-12 23:48:27 - Speed Dev Mode is Off
[INFO]: 2025-07-12 23:48:27 - Download.SupplierCheck() Start ...
[INFO]: 2025-07-12 23:48:27 - PreDownloadProcess.Init().Check().Wait()...
[INFO]: 2025-07-12 23:48:27 - PreDownloadProcess.Init() Start...
[INFO]: 2025-07-12 23:48:27 - ClearRodTmpRootFolder Done
[INFO]: 2025-07-12 23:48:27 - PreDownloadProcess.Init() End
[INFO]: 2025-07-12 23:48:27 - PreDownloadProcess.Check() Start...
[INFO]: 2025-07-12 23:48:27 - UseHttpProxy = false
[INFO]: 2025-07-12 23:48:27 - UrlConnectednessTest Target Site https://baidu.com Speed: 218 ms, Status: true
[INFO]: 2025-07-12 23:48:27 - Check Sub Supplier Start...
[ERROR]: 2025-07-12 23:48:28 - a4k CheckAlive.Get Get "https://www.a4k.net": dial tcp: lookup www.a4k.net on 172.17.0.1:53: no such host
[WARNING]: 2025-07-12 23:48:28 - a4k Check Alive = false
[INFO]: 2025-07-12 23:48:28 - xunlei Check Alive = true, Speed = 251 ms
[INFO]: 2025-07-12 23:48:28 - shooter Check Alive = true, Speed = 1046 ms
[INFO]: 2025-07-12 23:48:28 - Alive Supplier: xunlei
[INFO]: 2025-07-12 23:48:28 - Alive Supplier: shooter
[INFO]: 2025-07-12 23:48:28 - Check Sub Supplier End
[INFO]: 2025-07-12 23:48:28 - MovieFolder Index 0 -- /media/Videos/Movies
[INFO]: 2025-07-12 23:48:28 - SeriesPaths Index 0 -- /media/Videos/TV Shows/
[INFO]: 2025-07-12 23:48:28 - SeriesPaths Index 1 -- /media/Videos/Animes/
[INFO]: 2025-07-12 23:48:28 - PreDownloadProcess.Check() End
[INFO]: 2025-07-12 23:48:28 - PreDownloadProcess.Wait() Done.
[INFO]: 2025-07-12 23:48:28 - Download.SupplierCheck() End
[INFO]: 2025-07-12 23:48:28 - Try Start Http Server At Port 19035
[INFO]: 2025-07-12 23:48:28 - Setup is Done
[INFO]: 2025-07-12 23:48:28 - PreJob Will Start...
[INFO]: 2025-07-12 23:48:28 - PreJob.HotFix() Start...
[INFO]: 2025-07-12 23:48:28 - If you have a lot of videos, it may take a lot of time, just wait...
[INFO]: 2025-07-12 23:48:28 - PreJob.HotFix() End
[INFO]: 2025-07-12 23:48:28 - PreJob.ChangeSubNameFormat() Start...
[INFO]: 2025-07-12 23:48:28 - If you have a lot of videos, it may take a lot of time, just wait...
[INFO]: 2025-07-12 23:48:28 - DesSubFormatter == LateTimeSubFormatter then skip process
[INFO]: 2025-07-12 23:48:28 - PreJob.ChangeSubNameFormat() End
[INFO]: 2025-07-12 23:48:28 - PreJob.Wait() Done.
[INFO]: 2025-07-12 23:48:28 - Setup is Done
[INFO]: 2025-07-12 23:48:28 - RunAtStartup: false, so will not Run At Startup
[INFO]: 2025-07-12 23:48:28 - CronHelper Start...
[INFO]: 2025-07-12 23:48:28 - Next Sub Scan Will Process At: 2025-07-13 05:48:28
