[INFO]: 2025-06-30 12:11:49 - LiteMode is true
[INFO]: 2025-06-30 12:11:49 - ChineseSubFinder Version: v0.55.3 Lite
[INFO]: 2025-06-30 12:11:49 - Reload Log Settings, level = Info
[INFO]: 2025-06-30 12:11:49 - Speed Dev Mode is Off
[INFO]: 2025-06-30 12:11:49 - Download.SupplierCheck() Start ...
[INFO]: 2025-06-30 12:11:49 - PreDownloadProcess.Init().Check().Wait()...
[INFO]: 2025-06-30 12:11:49 - PreDownloadProcess.Init() Start...
[INFO]: 2025-06-30 12:11:49 - ClearRodTmpRootFolder Done
[INFO]: 2025-06-30 12:11:49 - PreDownloadProcess.Init() End
[INFO]: 2025-06-30 12:11:49 - PreDownloadProcess.Check() Start...
[INFO]: 2025-06-30 12:11:49 - UseHttpProxy = false
[INFO]: 2025-06-30 12:11:49 - UrlConnectednessTest Target Site https://baidu.com Speed: 148 ms, Status: true
[INFO]: 2025-06-30 12:11:49 - Check Sub Supplier Start...
[INFO]: 2025-06-30 12:11:49 - xunlei Check Alive = true, Speed = 129 ms
[INFO]: 2025-06-30 12:11:50 - shooter Check Alive = true, Speed = 841 ms
[ERROR]: 2025-06-30 12:11:56 - a4k CheckAlive.Get Get "https://www.a4k.net": EOF
[WARNING]: 2025-06-30 12:11:56 - a4k Check Alive = false
[INFO]: 2025-06-30 12:11:56 - Alive Supplier: xunlei
[INFO]: 2025-06-30 12:11:56 - Alive Supplier: shooter
[INFO]: 2025-06-30 12:11:56 - Check Sub Supplier End
[WARNING]: 2025-06-30 12:11:56 - MoviePaths not set, len == 0
[WARNING]: 2025-06-30 12:11:56 - SeriesPaths not set, len == 0
[INFO]: 2025-06-30 12:11:56 - PreDownloadProcess.Check() End
[INFO]: 2025-06-30 12:11:56 - PreDownloadProcess.Wait() Done.
[INFO]: 2025-06-30 12:11:56 - Download.SupplierCheck() End
[INFO]: 2025-06-30 12:11:56 - Try Start Http Server At Port 19035
[INFO]: 2025-06-30 12:11:56 - Need do Setup, then do PreJob
[INFO]: 2025-06-30 12:11:56 - Need do Setup, then do CornJob
