[INFO]: 2025-07-14 00:05:30 - Download.SupplierCheck() Start ...
[INFO]: 2025-07-14 00:05:30 - PreDownloadProcess.Init().Check().Wait()...
[INFO]: 2025-07-14 00:05:30 - PreDownloadProcess.Init() Start...
[INFO]: 2025-07-14 00:05:30 - ClearRodTmpRootFolder Done
[INFO]: 2025-07-14 00:05:30 - PreDownloadProcess.Init() End
[INFO]: 2025-07-14 00:05:30 - PreDownloadProcess.Check() Start...
[INFO]: 2025-07-14 00:05:30 - UseHttpProxy = false
[INFO]: 2025-07-14 00:05:30 - UrlConnectednessTest Target Site https://baidu.com Speed: 137 ms, Status: true
[INFO]: 2025-07-14 00:05:30 - Check Sub Supplier Start...
[INFO]: 2025-07-14 00:05:30 - xunlei Check Alive = true, Speed = 68 ms
[ERROR]: 2025-07-14 00:05:30 - a4k CheckAlive.Get Get "https://www.a4k.net": dial tcp: lookup www.a4k.net on 172.17.0.1:53: no such host
[WARNING]: 2025-07-14 00:05:30 - a4k Check Alive = false
[INFO]: 2025-07-14 00:05:33 - shooter Check Alive = true, Speed = 2927 ms
[INFO]: 2025-07-14 00:05:33 - Alive Supplier: xunlei
[INFO]: 2025-07-14 00:05:33 - Alive Supplier: shooter
[INFO]: 2025-07-14 00:05:33 - Check Sub Supplier End
[INFO]: 2025-07-14 00:05:33 - MovieFolder Index 0 -- /media/Videos/Movies
[INFO]: 2025-07-14 00:05:33 - SeriesPaths Index 0 -- /media/Videos/TV Shows/
[INFO]: 2025-07-14 00:05:33 - SeriesPaths Index 1 -- /media/Videos/Animes/
[INFO]: 2025-07-14 00:05:33 - PreDownloadProcess.Check() End
[INFO]: 2025-07-14 00:05:33 - PreDownloadProcess.Wait() Done.
[INFO]: 2025-07-14 00:05:33 - Download.SupplierCheck() End
[INFO]: 2025-07-14 01:05:30 - Update Info...
[INFO]: 2025-07-14 01:05:30 - Download.SupplierCheck() Start ...
[INFO]: 2025-07-14 01:05:30 - PreDownloadProcess.Init().Check().Wait()...
[INFO]: 2025-07-14 01:05:30 - PreDownloadProcess.Init() Start...
[INFO]: 2025-07-14 01:05:30 - scanVideoProcessAdd2DownloadQueue Start: 2025-07-14 01:05:30
[INFO]: 2025-07-14 01:05:30 - ------------------------------------
[INFO]: 2025-07-14 01:05:30 - Video Scan Started...
[INFO]: 2025-07-14 01:05:30 - ScanNormalMovieAndSeries Start...
[INFO]: 2025-07-14 01:05:30 - ------------------------------------------
[INFO]: 2025-07-14 01:05:30 - GetSeriesListFromDirs Start...
[INFO]: 2025-07-14 01:05:30 -  --------------------------------------------------
[INFO]: 2025-07-14 01:05:30 - MatchedVideoFileFromDirs Start...
[INFO]: 2025-07-14 01:05:30 - ClearRodTmpRootFolder Done
[INFO]: 2025-07-14 01:05:30 - PreDownloadProcess.Init() End
[INFO]: 2025-07-14 01:05:30 - PreDownloadProcess.Check() Start...
[INFO]: 2025-07-14 01:05:30 - UseHttpProxy = false
[INFO]: 2025-07-14 01:05:30 - MatchedVideoFileFromDirs End
[INFO]: 2025-07-14 01:05:30 -  --------------------------------------------------
[INFO]: 2025-07-14 01:05:30 - GetSeriesListFromDirs End
[INFO]: 2025-07-14 01:05:30 - ------------------------------------------
[INFO]: 2025-07-14 01:05:30 - updateLocalVideoCacheInfo 0 /media/Videos/Movies/黑客帝国 (1999)/黑客帝国 (1999) 2160p TrueHD Atmos.mkv
[INFO]: 2025-07-14 01:05:30 - updateLocalVideoCacheInfo 1 /media/Videos/Movies/指环王3：王者无敌 (2003)/指环王3：王者无敌 (2003) 2160p TrueHD Atmos.mkv
[INFO]: 2025-07-14 01:05:30 - updateLocalVideoCacheInfo 2 /media/Videos/Movies/指环王1：护戒使者 (2001)/指环王1：护戒使者 (2001) 2160p TrueHD Atmos.mkv
[INFO]: 2025-07-14 01:05:30 - updateLocalVideoCacheInfo 3 /media/Videos/Movies/指环王2：双塔奇兵 (2002)/指环王2：双塔奇兵 (2002) 2160p TrueHD Atmos.mkv
[INFO]: 2025-07-14 01:05:30 - updateLocalVideoCacheInfo 4 /media/Videos/Movies/霍比特人2：史矛革之战 (2013)/霍比特人2：史矛革之战 (2013) 2160p TrueHD Atmos.mkv
[INFO]: 2025-07-14 01:05:30 - updateLocalVideoCacheInfo 5 /media/Videos/Movies/霍比特人3：五军之战 (2014)/霍比特人3：五军之战 (2014) 2160p TrueHD Atmos.mkv
[INFO]: 2025-07-14 01:05:30 - updateLocalVideoCacheInfo 6 /media/Videos/Movies/黑客帝国2：重装上阵 (2003)/黑客帝国2：重装上阵 (2003) 2160p TrueHD Atmos.mkv
[INFO]: 2025-07-14 01:05:30 - updateLocalVideoCacheInfo 7 /media/Videos/Movies/黑客帝国4：矩阵重启 (2021)/黑客帝国4：矩阵重启 (2021) 2160p TrueHD Atmos.mkv
[INFO]: 2025-07-14 01:05:30 - updateLocalVideoCacheInfo 8 /media/Videos/Movies/黑客帝国3：矩阵革命 (2003)/黑客帝国3：矩阵革命 (2003) 2160p TrueHD Atmos.mkv
[INFO]: 2025-07-14 01:05:30 - updateLocalVideoCacheInfo 0 /media/Videos/Animes/一念永恒（分季版） (2020)
[INFO]: 2025-07-14 01:05:30 - UrlConnectednessTest Target Site https://baidu.com Speed: 160 ms, Status: true
[INFO]: 2025-07-14 01:05:30 - Check Sub Supplier Start...
[ERROR]: 2025-07-14 01:05:30 - a4k CheckAlive.Get Get "https://www.a4k.net": dial tcp: lookup www.a4k.net on 172.17.0.1:53: no such host
[WARNING]: 2025-07-14 01:05:30 - a4k Check Alive = false
[INFO]: 2025-07-14 01:05:30 - xunlei Check Alive = true, Speed = 192 ms
[INFO]: 2025-07-14 01:05:30 - shooter Check Alive = true, Speed = 730 ms
[INFO]: 2025-07-14 01:05:30 - Alive Supplier: xunlei
[INFO]: 2025-07-14 01:05:30 - Alive Supplier: shooter
[INFO]: 2025-07-14 01:05:30 - Check Sub Supplier End
[INFO]: 2025-07-14 01:05:30 - MovieFolder Index 0 -- /media/Videos/Movies
[INFO]: 2025-07-14 01:05:30 - SeriesPaths Index 0 -- /media/Videos/TV Shows/
[INFO]: 2025-07-14 01:05:30 - SeriesPaths Index 1 -- /media/Videos/Animes/
[INFO]: 2025-07-14 01:05:30 - PreDownloadProcess.Check() End
[INFO]: 2025-07-14 01:05:30 - PreDownloadProcess.Wait() Done.
[INFO]: 2025-07-14 01:05:30 - Download.SupplierCheck() End
[WARNING]: 2025-07-14 01:05:49 - status code: 522
[INFO]: 2025-07-14 01:05:49 - updateLocalVideoCacheInfo 1 /media/Videos/Animes/仙逆 (2023)
[INFO]: 2025-07-14 01:05:49 - updateLocalVideoCacheInfo 2 /media/Videos/Animes/吞噬星空 (2020)
[INFO]: 2025-07-14 01:05:49 - updateLocalVideoCacheInfo 3 /media/Videos/Animes/完美世界 (2021)
[INFO]: 2025-07-14 01:05:49 - updateLocalVideoCacheInfo 4 /media/Videos/Animes/斗破苍穹 (2017)
[INFO]: 2025-07-14 01:05:49 - updateLocalVideoCacheInfo 5 /media/Videos/Animes/斗罗大陆Ⅱ绝世唐门 (2023)
[INFO]: 2025-07-14 01:05:49 - updateLocalVideoCacheInfo 6 /media/Videos/Animes/星辰变 (2018)
[INFO]: 2025-07-14 01:05:49 - updateLocalVideoCacheInfo 7 /media/Videos/Animes/沧元图 (2023)
[INFO]: 2025-07-14 01:05:49 - updateLocalVideoCacheInfo 8 /media/Videos/Animes/神印王座 (2022)
[INFO]: 2025-07-14 01:05:49 - updateLocalVideoCacheInfo 9 /media/Videos/Animes/神国之上 (2025)
[WARNING]: 2025-07-14 01:05:50 - status code: 522
[WARNING]: 2025-07-14 01:06:14 - status code: 522
[INFO]: 2025-07-14 01:06:14 - updateLocalVideoCacheInfo 10 /media/Videos/Animes/航海王 (1999)
[INFO]: 2025-07-14 01:06:14 - updateLocalVideoCacheInfo 11 /media/Videos/Animes/诡秘之主 (2025)
[INFO]: 2025-07-14 01:06:14 - updateLocalVideoCacheInfo 12 /media/Videos/Animes/遮天 (2023)
[INFO]: 2025-07-14 01:06:14 - updateLocalVideoCacheInfo 0 /media/Videos/TV Shows/纸牌屋 (2013)
[INFO]: 2025-07-14 01:06:14 - updateLocalVideoCacheInfo 1 /media/Videos/TV Shows/长安的荔枝 (2025)
[INFO]: 2025-07-14 01:06:14 - ScanNormalMovieAndSeries End
[INFO]: 2025-07-14 01:06:14 - ScanEmbyMovieAndSeries Start...
[INFO]: 2025-07-14 01:06:14 - Not Forced Scan And DownSub
[INFO]: 2025-07-14 01:06:14 - Movie Sub Dl From Emby API...
[INFO]: 2025-07-14 01:06:14 - Refresh Emby Sub List Start...
[INFO]: 2025-07-14 01:06:16 - Refresh Emby Sub List Success
[INFO]: 2025-07-14 01:06:16 - getUpdateVideoListFromEmby Start...
[INFO]: 2025-07-14 01:06:25 - getUpdateVideoListFromEmby End
[INFO]: 2025-07-14 01:06:25 - ScanEmbyMovieAndSeries End
[INFO]: 2025-07-14 01:06:25 - VideoScanAndRefreshHelper finished, cost: 0.9202420747666666 min
[INFO]: 2025-07-14 01:06:25 - Video Scan End
[INFO]: 2025-07-14 01:06:25 - ------------------------------------
[INFO]: 2025-07-14 02:05:30 - Download.SupplierCheck() Start ...
[INFO]: 2025-07-14 02:05:30 - PreDownloadProcess.Init().Check().Wait()...
[INFO]: 2025-07-14 02:05:30 - PreDownloadProcess.Init() Start...
[INFO]: 2025-07-14 02:05:30 - ClearRodTmpRootFolder Done
[INFO]: 2025-07-14 02:05:30 - PreDownloadProcess.Init() End
[INFO]: 2025-07-14 02:05:30 - PreDownloadProcess.Check() Start...
[INFO]: 2025-07-14 02:05:30 - UseHttpProxy = false
[INFO]: 2025-07-14 02:05:30 - UrlConnectednessTest Target Site https://baidu.com Speed: 142 ms, Status: true
[INFO]: 2025-07-14 02:05:30 - Check Sub Supplier Start...
[INFO]: 2025-07-14 02:05:30 - xunlei Check Alive = true, Speed = 87 ms
[ERROR]: 2025-07-14 02:05:30 - a4k CheckAlive.Get Get "https://www.a4k.net": dial tcp: lookup www.a4k.net on 172.17.0.1:53: no such host
[WARNING]: 2025-07-14 02:05:30 - a4k Check Alive = false
[INFO]: 2025-07-14 02:05:32 - shooter Check Alive = true, Speed = 1952 ms
[INFO]: 2025-07-14 02:05:32 - Alive Supplier: xunlei
[INFO]: 2025-07-14 02:05:32 - Alive Supplier: shooter
[INFO]: 2025-07-14 02:05:32 - Check Sub Supplier End
[INFO]: 2025-07-14 02:05:32 - MovieFolder Index 0 -- /media/Videos/Movies
[INFO]: 2025-07-14 02:05:32 - SeriesPaths Index 0 -- /media/Videos/TV Shows/
[INFO]: 2025-07-14 02:05:32 - SeriesPaths Index 1 -- /media/Videos/Animes/
[INFO]: 2025-07-14 02:05:32 - PreDownloadProcess.Check() End
[INFO]: 2025-07-14 02:05:32 - PreDownloadProcess.Wait() Done.
[INFO]: 2025-07-14 02:05:32 - Download.SupplierCheck() End
[INFO]: 2025-07-14 03:05:30 - Download.SupplierCheck() Start ...
[INFO]: 2025-07-14 03:05:30 - PreDownloadProcess.Init().Check().Wait()...
[INFO]: 2025-07-14 03:05:30 - PreDownloadProcess.Init() Start...
[INFO]: 2025-07-14 03:05:30 - ClearRodTmpRootFolder Done
[INFO]: 2025-07-14 03:05:30 - PreDownloadProcess.Init() End
[INFO]: 2025-07-14 03:05:30 - PreDownloadProcess.Check() Start...
[INFO]: 2025-07-14 03:05:30 - UseHttpProxy = false
[INFO]: 2025-07-14 03:05:30 - UrlConnectednessTest Target Site https://baidu.com Speed: 223 ms, Status: true
[INFO]: 2025-07-14 03:05:30 - Check Sub Supplier Start...
[ERROR]: 2025-07-14 03:05:30 - a4k CheckAlive.Get Get "https://www.a4k.net": dial tcp: lookup www.a4k.net on 172.17.0.1:53: no such host
[WARNING]: 2025-07-14 03:05:30 - a4k Check Alive = false
[INFO]: 2025-07-14 03:05:30 - xunlei Check Alive = true, Speed = 196 ms
[INFO]: 2025-07-14 03:05:30 - shooter Check Alive = true, Speed = 748 ms
[INFO]: 2025-07-14 03:05:30 - Alive Supplier: xunlei
[INFO]: 2025-07-14 03:05:30 - Alive Supplier: shooter
[INFO]: 2025-07-14 03:05:30 - Check Sub Supplier End
[INFO]: 2025-07-14 03:05:30 - MovieFolder Index 0 -- /media/Videos/Movies
[INFO]: 2025-07-14 03:05:30 - SeriesPaths Index 0 -- /media/Videos/TV Shows/
[INFO]: 2025-07-14 03:05:30 - SeriesPaths Index 1 -- /media/Videos/Animes/
[INFO]: 2025-07-14 03:05:30 - PreDownloadProcess.Check() End
[INFO]: 2025-07-14 03:05:30 - PreDownloadProcess.Wait() Done.
[INFO]: 2025-07-14 03:05:30 - Download.SupplierCheck() End
[INFO]: 2025-07-14 04:05:30 - Download.SupplierCheck() Start ...
[INFO]: 2025-07-14 04:05:30 - PreDownloadProcess.Init().Check().Wait()...
[INFO]: 2025-07-14 04:05:30 - PreDownloadProcess.Init() Start...
[INFO]: 2025-07-14 04:05:30 - ClearRodTmpRootFolder Done
[INFO]: 2025-07-14 04:05:30 - PreDownloadProcess.Init() End
[INFO]: 2025-07-14 04:05:30 - PreDownloadProcess.Check() Start...
[INFO]: 2025-07-14 04:05:30 - UseHttpProxy = false
[INFO]: 2025-07-14 04:05:30 - UrlConnectednessTest Target Site https://baidu.com Speed: 163 ms, Status: true
[INFO]: 2025-07-14 04:05:30 - Check Sub Supplier Start...
[INFO]: 2025-07-14 04:05:30 - xunlei Check Alive = true, Speed = 61 ms
[ERROR]: 2025-07-14 04:05:30 - a4k CheckAlive.Get Get "https://www.a4k.net": dial tcp: lookup www.a4k.net on 172.17.0.1:53: no such host
[WARNING]: 2025-07-14 04:05:30 - a4k Check Alive = false
[INFO]: 2025-07-14 04:05:30 - shooter Check Alive = true, Speed = 519 ms
[INFO]: 2025-07-14 04:05:30 - Alive Supplier: xunlei
[INFO]: 2025-07-14 04:05:30 - Alive Supplier: shooter
[INFO]: 2025-07-14 04:05:30 - Check Sub Supplier End
[INFO]: 2025-07-14 04:05:30 - MovieFolder Index 0 -- /media/Videos/Movies
[INFO]: 2025-07-14 04:05:30 - SeriesPaths Index 0 -- /media/Videos/TV Shows/
[INFO]: 2025-07-14 04:05:30 - SeriesPaths Index 1 -- /media/Videos/Animes/
[INFO]: 2025-07-14 04:05:30 - PreDownloadProcess.Check() End
[INFO]: 2025-07-14 04:05:30 - PreDownloadProcess.Wait() Done.
[INFO]: 2025-07-14 04:05:30 - Download.SupplierCheck() End
[INFO]: 2025-07-14 05:05:30 - Download.SupplierCheck() Start ...
[INFO]: 2025-07-14 05:05:30 - PreDownloadProcess.Init().Check().Wait()...
[INFO]: 2025-07-14 05:05:30 - PreDownloadProcess.Init() Start...
[INFO]: 2025-07-14 05:05:30 - ClearRodTmpRootFolder Done
[INFO]: 2025-07-14 05:05:30 - PreDownloadProcess.Init() End
[INFO]: 2025-07-14 05:05:30 - PreDownloadProcess.Check() Start...
[INFO]: 2025-07-14 05:05:30 - UseHttpProxy = false
[INFO]: 2025-07-14 05:05:30 - UrlConnectednessTest Target Site https://baidu.com Speed: 204 ms, Status: true
[INFO]: 2025-07-14 05:05:30 - Check Sub Supplier Start...
[INFO]: 2025-07-14 05:05:30 - xunlei Check Alive = true, Speed = 92 ms
[ERROR]: 2025-07-14 05:05:30 - a4k CheckAlive.Get Get "https://www.a4k.net": dial tcp: lookup www.a4k.net on 172.17.0.1:53: no such host
[WARNING]: 2025-07-14 05:05:30 - a4k Check Alive = false
[INFO]: 2025-07-14 05:05:30 - shooter Check Alive = true, Speed = 511 ms
[INFO]: 2025-07-14 05:05:30 - Alive Supplier: xunlei
[INFO]: 2025-07-14 05:05:30 - Alive Supplier: shooter
[INFO]: 2025-07-14 05:05:30 - Check Sub Supplier End
[INFO]: 2025-07-14 05:05:30 - MovieFolder Index 0 -- /media/Videos/Movies
[INFO]: 2025-07-14 05:05:30 - SeriesPaths Index 0 -- /media/Videos/TV Shows/
[INFO]: 2025-07-14 05:05:30 - SeriesPaths Index 1 -- /media/Videos/Animes/
[INFO]: 2025-07-14 05:05:30 - PreDownloadProcess.Check() End
[INFO]: 2025-07-14 05:05:30 - PreDownloadProcess.Wait() Done.
[INFO]: 2025-07-14 05:05:30 - Download.SupplierCheck() End
[INFO]: 2025-07-14 06:05:30 - Download.SupplierCheck() Start ...
[INFO]: 2025-07-14 06:05:30 - PreDownloadProcess.Init().Check().Wait()...
[INFO]: 2025-07-14 06:05:30 - PreDownloadProcess.Init() Start...
[INFO]: 2025-07-14 06:05:30 - ClearRodTmpRootFolder Done
[INFO]: 2025-07-14 06:05:30 - PreDownloadProcess.Init() End
[INFO]: 2025-07-14 06:05:30 - PreDownloadProcess.Check() Start...
[INFO]: 2025-07-14 06:05:30 - UseHttpProxy = false
[INFO]: 2025-07-14 06:05:30 - UrlConnectednessTest Target Site https://baidu.com Speed: 132 ms, Status: true
[INFO]: 2025-07-14 06:05:30 - Check Sub Supplier Start...
[INFO]: 2025-07-14 06:05:30 - xunlei Check Alive = true, Speed = 71 ms
[ERROR]: 2025-07-14 06:05:30 - a4k CheckAlive.Get Get "https://www.a4k.net": dial tcp: lookup www.a4k.net on 172.17.0.1:53: no such host
[WARNING]: 2025-07-14 06:05:30 - a4k Check Alive = false
[INFO]: 2025-07-14 06:05:30 - shooter Check Alive = true, Speed = 654 ms
[INFO]: 2025-07-14 06:05:30 - Alive Supplier: xunlei
[INFO]: 2025-07-14 06:05:30 - Alive Supplier: shooter
[INFO]: 2025-07-14 06:05:30 - Check Sub Supplier End
[INFO]: 2025-07-14 06:05:30 - MovieFolder Index 0 -- /media/Videos/Movies
[INFO]: 2025-07-14 06:05:30 - SeriesPaths Index 0 -- /media/Videos/TV Shows/
[INFO]: 2025-07-14 06:05:30 - SeriesPaths Index 1 -- /media/Videos/Animes/
[INFO]: 2025-07-14 06:05:30 - PreDownloadProcess.Check() End
[INFO]: 2025-07-14 06:05:30 - PreDownloadProcess.Wait() Done.
[INFO]: 2025-07-14 06:05:30 - Download.SupplierCheck() End
[INFO]: 2025-07-14 07:05:30 - scanVideoProcessAdd2DownloadQueue Start: 2025-07-14 07:05:30
[INFO]: 2025-07-14 07:05:30 - ------------------------------------
[INFO]: 2025-07-14 07:05:30 - Video Scan Started...
[INFO]: 2025-07-14 07:05:30 - ScanNormalMovieAndSeries Start...
[INFO]: 2025-07-14 07:05:30 - Download.SupplierCheck() Start ...
[INFO]: 2025-07-14 07:05:30 - PreDownloadProcess.Init().Check().Wait()...
[INFO]: 2025-07-14 07:05:30 - PreDownloadProcess.Init() Start...
[INFO]: 2025-07-14 07:05:30 - ------------------------------------------
[INFO]: 2025-07-14 07:05:30 - ClearRodTmpRootFolder Done
[INFO]: 2025-07-14 07:05:30 - PreDownloadProcess.Init() End
[INFO]: 2025-07-14 07:05:30 - PreDownloadProcess.Check() Start...
[INFO]: 2025-07-14 07:05:30 - UseHttpProxy = false
[INFO]: 2025-07-14 07:05:30 -  --------------------------------------------------
[INFO]: 2025-07-14 07:05:30 - MatchedVideoFileFromDirs Start...
[INFO]: 2025-07-14 07:05:30 - GetSeriesListFromDirs Start...
[INFO]: 2025-07-14 07:05:30 - MatchedVideoFileFromDirs End
[INFO]: 2025-07-14 07:05:30 -  --------------------------------------------------
[INFO]: 2025-07-14 07:05:30 - GetSeriesListFromDirs End
[INFO]: 2025-07-14 07:05:30 - ------------------------------------------
[INFO]: 2025-07-14 07:05:30 - updateLocalVideoCacheInfo 0 /media/Videos/Movies/黑客帝国 (1999)/黑客帝国 (1999) 2160p TrueHD Atmos.mkv
[INFO]: 2025-07-14 07:05:30 - updateLocalVideoCacheInfo 1 /media/Videos/Movies/指环王3：王者无敌 (2003)/指环王3：王者无敌 (2003) 2160p TrueHD Atmos.mkv
[INFO]: 2025-07-14 07:05:30 - updateLocalVideoCacheInfo 2 /media/Videos/Movies/指环王1：护戒使者 (2001)/指环王1：护戒使者 (2001) 2160p TrueHD Atmos.mkv
[INFO]: 2025-07-14 07:05:30 - updateLocalVideoCacheInfo 3 /media/Videos/Movies/指环王2：双塔奇兵 (2002)/指环王2：双塔奇兵 (2002) 2160p TrueHD Atmos.mkv
[INFO]: 2025-07-14 07:05:30 - updateLocalVideoCacheInfo 4 /media/Videos/Movies/霍比特人2：史矛革之战 (2013)/霍比特人2：史矛革之战 (2013) 2160p TrueHD Atmos.mkv
[INFO]: 2025-07-14 07:05:30 - updateLocalVideoCacheInfo 5 /media/Videos/Movies/霍比特人3：五军之战 (2014)/霍比特人3：五军之战 (2014) 2160p TrueHD Atmos.mkv
[INFO]: 2025-07-14 07:05:30 - updateLocalVideoCacheInfo 6 /media/Videos/Movies/黑客帝国2：重装上阵 (2003)/黑客帝国2：重装上阵 (2003) 2160p TrueHD Atmos.mkv
[INFO]: 2025-07-14 07:05:30 - updateLocalVideoCacheInfo 7 /media/Videos/Movies/黑客帝国4：矩阵重启 (2021)/黑客帝国4：矩阵重启 (2021) 2160p TrueHD Atmos.mkv
[INFO]: 2025-07-14 07:05:30 - updateLocalVideoCacheInfo 8 /media/Videos/Movies/黑客帝国3：矩阵革命 (2003)/黑客帝国3：矩阵革命 (2003) 2160p TrueHD Atmos.mkv
[INFO]: 2025-07-14 07:05:30 - updateLocalVideoCacheInfo 0 /media/Videos/Animes/一念永恒（分季版） (2020)
[INFO]: 2025-07-14 07:05:30 - UrlConnectednessTest Target Site https://baidu.com Speed: 204 ms, Status: true
[INFO]: 2025-07-14 07:05:30 - Check Sub Supplier Start...
[INFO]: 2025-07-14 07:05:30 - xunlei Check Alive = true, Speed = 86 ms
[ERROR]: 2025-07-14 07:05:30 - a4k CheckAlive.Get Get "https://www.a4k.net": dial tcp: lookup www.a4k.net on 172.17.0.1:53: no such host
[WARNING]: 2025-07-14 07:05:30 - a4k Check Alive = false
[INFO]: 2025-07-14 07:05:30 - shooter Check Alive = true, Speed = 688 ms
[INFO]: 2025-07-14 07:05:30 - Alive Supplier: xunlei
[INFO]: 2025-07-14 07:05:30 - Alive Supplier: shooter
[INFO]: 2025-07-14 07:05:30 - Check Sub Supplier End
[INFO]: 2025-07-14 07:05:30 - MovieFolder Index 0 -- /media/Videos/Movies
[INFO]: 2025-07-14 07:05:30 - SeriesPaths Index 0 -- /media/Videos/TV Shows/
[INFO]: 2025-07-14 07:05:30 - SeriesPaths Index 1 -- /media/Videos/Animes/
[INFO]: 2025-07-14 07:05:30 - PreDownloadProcess.Check() End
[INFO]: 2025-07-14 07:05:30 - PreDownloadProcess.Wait() Done.
[INFO]: 2025-07-14 07:05:30 - Download.SupplierCheck() End
[WARNING]: 2025-07-14 07:05:53 - status code: 522
[INFO]: 2025-07-14 07:05:53 - updateLocalVideoCacheInfo 1 /media/Videos/Animes/仙逆 (2023)
[INFO]: 2025-07-14 07:05:53 - updateLocalVideoCacheInfo 2 /media/Videos/Animes/吞噬星空 (2020)
[INFO]: 2025-07-14 07:05:53 - updateLocalVideoCacheInfo 3 /media/Videos/Animes/完美世界 (2021)
[INFO]: 2025-07-14 07:05:53 - updateLocalVideoCacheInfo 4 /media/Videos/Animes/斗破苍穹 (2017)
[INFO]: 2025-07-14 07:05:53 - updateLocalVideoCacheInfo 5 /media/Videos/Animes/斗罗大陆Ⅱ绝世唐门 (2023)
[INFO]: 2025-07-14 07:05:53 - updateLocalVideoCacheInfo 6 /media/Videos/Animes/星辰变 (2018)
[INFO]: 2025-07-14 07:05:53 - updateLocalVideoCacheInfo 7 /media/Videos/Animes/沧元图 (2023)
[INFO]: 2025-07-14 07:05:53 - updateLocalVideoCacheInfo 8 /media/Videos/Animes/神印王座 (2022)
[INFO]: 2025-07-14 07:05:53 - updateLocalVideoCacheInfo 9 /media/Videos/Animes/神国之上 (2025)
[WARNING]: 2025-07-14 07:06:22 - status code: 522
[INFO]: 2025-07-14 07:06:22 - updateLocalVideoCacheInfo 10 /media/Videos/Animes/航海王 (1999)
[INFO]: 2025-07-14 07:06:22 - updateLocalVideoCacheInfo 11 /media/Videos/Animes/诡秘之主 (2025)
[INFO]: 2025-07-14 07:06:22 - updateLocalVideoCacheInfo 12 /media/Videos/Animes/遮天 (2023)
[INFO]: 2025-07-14 07:06:22 - updateLocalVideoCacheInfo 0 /media/Videos/TV Shows/纸牌屋 (2013)
[INFO]: 2025-07-14 07:06:22 - updateLocalVideoCacheInfo 1 /media/Videos/TV Shows/长安的荔枝 (2025)
[INFO]: 2025-07-14 07:06:22 - ScanNormalMovieAndSeries End
[INFO]: 2025-07-14 07:06:22 - ScanEmbyMovieAndSeries Start...
[INFO]: 2025-07-14 07:06:22 - Not Forced Scan And DownSub
[INFO]: 2025-07-14 07:06:22 - Movie Sub Dl From Emby API...
[INFO]: 2025-07-14 07:06:22 - Refresh Emby Sub List Start...
[INFO]: 2025-07-14 07:06:24 - Refresh Emby Sub List Success
[INFO]: 2025-07-14 07:06:24 - getUpdateVideoListFromEmby Start...
[INFO]: 2025-07-14 07:06:33 - getUpdateVideoListFromEmby End
[INFO]: 2025-07-14 07:06:33 - ScanEmbyMovieAndSeries End
[INFO]: 2025-07-14 07:06:33 - VideoScanAndRefreshHelper finished, cost: 1.0613920890833333 min
[INFO]: 2025-07-14 07:06:33 - Video Scan End
[INFO]: 2025-07-14 07:06:33 - ------------------------------------
[INFO]: 2025-07-14 08:05:30 - Download.SupplierCheck() Start ...
[INFO]: 2025-07-14 08:05:30 - PreDownloadProcess.Init().Check().Wait()...
[INFO]: 2025-07-14 08:05:30 - PreDownloadProcess.Init() Start...
[INFO]: 2025-07-14 08:05:30 - ClearRodTmpRootFolder Done
[INFO]: 2025-07-14 08:05:30 - PreDownloadProcess.Init() End
[INFO]: 2025-07-14 08:05:30 - PreDownloadProcess.Check() Start...
[INFO]: 2025-07-14 08:05:30 - UseHttpProxy = false
[INFO]: 2025-07-14 08:05:30 - UrlConnectednessTest Target Site https://baidu.com Speed: 212 ms, Status: true
[INFO]: 2025-07-14 08:05:30 - Check Sub Supplier Start...
[INFO]: 2025-07-14 08:05:30 - xunlei Check Alive = true, Speed = 60 ms
[ERROR]: 2025-07-14 08:05:30 - a4k CheckAlive.Get Get "https://www.a4k.net": dial tcp: lookup www.a4k.net on 172.17.0.1:53: no such host
[WARNING]: 2025-07-14 08:05:30 - a4k Check Alive = false
[INFO]: 2025-07-14 08:05:30 - shooter Check Alive = true, Speed = 626 ms
[INFO]: 2025-07-14 08:05:30 - Alive Supplier: xunlei
[INFO]: 2025-07-14 08:05:30 - Alive Supplier: shooter
[INFO]: 2025-07-14 08:05:30 - Check Sub Supplier End
[INFO]: 2025-07-14 08:05:30 - MovieFolder Index 0 -- /media/Videos/Movies
[INFO]: 2025-07-14 08:05:30 - SeriesPaths Index 0 -- /media/Videos/TV Shows/
[INFO]: 2025-07-14 08:05:30 - SeriesPaths Index 1 -- /media/Videos/Animes/
[INFO]: 2025-07-14 08:05:30 - PreDownloadProcess.Check() End
[INFO]: 2025-07-14 08:05:30 - PreDownloadProcess.Wait() Done.
[INFO]: 2025-07-14 08:05:30 - Download.SupplierCheck() End
[INFO]: 2025-07-14 09:05:30 - Download.SupplierCheck() Start ...
[INFO]: 2025-07-14 09:05:30 - PreDownloadProcess.Init().Check().Wait()...
[INFO]: 2025-07-14 09:05:30 - PreDownloadProcess.Init() Start...
[INFO]: 2025-07-14 09:05:30 - ClearRodTmpRootFolder Done
[INFO]: 2025-07-14 09:05:30 - PreDownloadProcess.Init() End
[INFO]: 2025-07-14 09:05:30 - PreDownloadProcess.Check() Start...
[INFO]: 2025-07-14 09:05:30 - UseHttpProxy = false
[INFO]: 2025-07-14 09:05:30 - UrlConnectednessTest Target Site https://baidu.com Speed: 171 ms, Status: true
[INFO]: 2025-07-14 09:05:30 - Check Sub Supplier Start...
[ERROR]: 2025-07-14 09:05:30 - a4k CheckAlive.Get Get "https://www.a4k.net": dial tcp: lookup www.a4k.net on 172.17.0.1:53: no such host
[WARNING]: 2025-07-14 09:05:30 - a4k Check Alive = false
[INFO]: 2025-07-14 09:05:30 - xunlei Check Alive = true, Speed = 191 ms
[INFO]: 2025-07-14 09:05:30 - shooter Check Alive = true, Speed = 544 ms
[INFO]: 2025-07-14 09:05:30 - Alive Supplier: xunlei
[INFO]: 2025-07-14 09:05:30 - Alive Supplier: shooter
[INFO]: 2025-07-14 09:05:30 - Check Sub Supplier End
[INFO]: 2025-07-14 09:05:30 - MovieFolder Index 0 -- /media/Videos/Movies
[INFO]: 2025-07-14 09:05:30 - SeriesPaths Index 0 -- /media/Videos/TV Shows/
[INFO]: 2025-07-14 09:05:30 - SeriesPaths Index 1 -- /media/Videos/Animes/
[INFO]: 2025-07-14 09:05:30 - PreDownloadProcess.Check() End
[INFO]: 2025-07-14 09:05:30 - PreDownloadProcess.Wait() Done.
[INFO]: 2025-07-14 09:05:30 - Download.SupplierCheck() End
[INFO]: 2025-07-14 10:05:30 - Download.SupplierCheck() Start ...
[INFO]: 2025-07-14 10:05:30 - PreDownloadProcess.Init().Check().Wait()...
[INFO]: 2025-07-14 10:05:30 - PreDownloadProcess.Init() Start...
[INFO]: 2025-07-14 10:05:30 - ClearRodTmpRootFolder Done
[INFO]: 2025-07-14 10:05:30 - PreDownloadProcess.Init() End
[INFO]: 2025-07-14 10:05:30 - PreDownloadProcess.Check() Start...
[INFO]: 2025-07-14 10:05:30 - UseHttpProxy = false
[INFO]: 2025-07-14 10:05:30 - UrlConnectednessTest Target Site https://baidu.com Speed: 200 ms, Status: true
[INFO]: 2025-07-14 10:05:30 - Check Sub Supplier Start...
[INFO]: 2025-07-14 10:05:30 - xunlei Check Alive = true, Speed = 65 ms
[ERROR]: 2025-07-14 10:05:30 - a4k CheckAlive.Get Get "https://www.a4k.net": dial tcp: lookup www.a4k.net on 172.17.0.1:53: no such host
[WARNING]: 2025-07-14 10:05:30 - a4k Check Alive = false
[INFO]: 2025-07-14 10:05:30 - shooter Check Alive = true, Speed = 719 ms
[INFO]: 2025-07-14 10:05:30 - Alive Supplier: xunlei
[INFO]: 2025-07-14 10:05:30 - Alive Supplier: shooter
[INFO]: 2025-07-14 10:05:30 - Check Sub Supplier End
[INFO]: 2025-07-14 10:05:30 - MovieFolder Index 0 -- /media/Videos/Movies
[INFO]: 2025-07-14 10:05:30 - SeriesPaths Index 0 -- /media/Videos/TV Shows/
[INFO]: 2025-07-14 10:05:30 - SeriesPaths Index 1 -- /media/Videos/Animes/
[INFO]: 2025-07-14 10:05:30 - PreDownloadProcess.Check() End
[INFO]: 2025-07-14 10:05:30 - PreDownloadProcess.Wait() Done.
[INFO]: 2025-07-14 10:05:30 - Download.SupplierCheck() End
[INFO]: 2025-07-14 10:48:14 - LiteMode is true
[INFO]: 2025-07-14 10:48:14 - ChineseSubFinder Version: v0.55.3 Lite
[INFO]: 2025-07-14 10:48:14 - Reload Log Settings, level = Info
[INFO]: 2025-07-14 10:48:14 - Speed Dev Mode is Off
[INFO]: 2025-07-14 10:48:14 - Download.SupplierCheck() Start ...
[INFO]: 2025-07-14 10:48:14 - PreDownloadProcess.Init().Check().Wait()...
[INFO]: 2025-07-14 10:48:14 - PreDownloadProcess.Init() Start...
[INFO]: 2025-07-14 10:48:14 - ClearRodTmpRootFolder Done
[INFO]: 2025-07-14 10:48:14 - PreDownloadProcess.Init() End
[INFO]: 2025-07-14 10:48:14 - PreDownloadProcess.Check() Start...
[INFO]: 2025-07-14 10:48:14 - UseHttpProxy = false
[INFO]: 2025-07-14 10:48:14 - UrlConnectednessTest Target Site https://baidu.com Speed: 243 ms, Status: true
[INFO]: 2025-07-14 10:48:14 - Check Sub Supplier Start...
[INFO]: 2025-07-14 10:48:14 - xunlei Check Alive = true, Speed = 90 ms
[ERROR]: 2025-07-14 10:48:14 - a4k CheckAlive.Get Get "https://www.a4k.net": dial tcp: lookup www.a4k.net on 172.17.0.1:53: no such host
[WARNING]: 2025-07-14 10:48:14 - a4k Check Alive = false
[INFO]: 2025-07-14 10:48:15 - shooter Check Alive = true, Speed = 749 ms
[INFO]: 2025-07-14 10:48:15 - Alive Supplier: xunlei
[INFO]: 2025-07-14 10:48:15 - Alive Supplier: shooter
[INFO]: 2025-07-14 10:48:15 - Check Sub Supplier End
[INFO]: 2025-07-14 10:48:15 - MovieFolder Index 0 -- /media/Videos/Movies
[INFO]: 2025-07-14 10:48:15 - SeriesPaths Index 0 -- /media/Videos/TV Shows/
[INFO]: 2025-07-14 10:48:15 - SeriesPaths Index 1 -- /media/Videos/Animes/
[INFO]: 2025-07-14 10:48:15 - PreDownloadProcess.Check() End
[INFO]: 2025-07-14 10:48:15 - PreDownloadProcess.Wait() Done.
[INFO]: 2025-07-14 10:48:15 - Download.SupplierCheck() End
[INFO]: 2025-07-14 10:48:15 - Try Start Http Server At Port 19035
[INFO]: 2025-07-14 10:48:15 - Setup is Done
[INFO]: 2025-07-14 10:48:15 - PreJob Will Start...
[INFO]: 2025-07-14 10:48:15 - PreJob.HotFix() Start...
[INFO]: 2025-07-14 10:48:15 - If you have a lot of videos, it may take a lot of time, just wait...
[INFO]: 2025-07-14 10:48:15 - PreJob.HotFix() End
[INFO]: 2025-07-14 10:48:15 - PreJob.ChangeSubNameFormat() Start...
[INFO]: 2025-07-14 10:48:15 - If you have a lot of videos, it may take a lot of time, just wait...
[INFO]: 2025-07-14 10:48:15 - DesSubFormatter == LateTimeSubFormatter then skip process
[INFO]: 2025-07-14 10:48:15 - PreJob.ChangeSubNameFormat() End
[INFO]: 2025-07-14 10:48:15 - PreJob.Wait() Done.
[INFO]: 2025-07-14 10:48:15 - Setup is Done
[INFO]: 2025-07-14 10:48:15 - RunAtStartup: false, so will not Run At Startup
[INFO]: 2025-07-14 10:48:15 - CronHelper Start...
[INFO]: 2025-07-14 10:48:15 - Next Sub Scan Will Process At: 2025-07-14 16:48:15
[INFO]: 2025-07-14 10:54:56 - LiteMode is true
[INFO]: 2025-07-14 10:54:56 - ChineseSubFinder Version: v0.55.3 Lite
[INFO]: 2025-07-14 10:54:57 - Reload Log Settings, level = Info
[INFO]: 2025-07-14 10:54:57 - Speed Dev Mode is Off
[INFO]: 2025-07-14 10:54:57 - Download.SupplierCheck() Start ...
[INFO]: 2025-07-14 10:54:57 - PreDownloadProcess.Init().Check().Wait()...
[INFO]: 2025-07-14 10:54:57 - PreDownloadProcess.Init() Start...
[INFO]: 2025-07-14 10:54:57 - ClearRodTmpRootFolder Done
[INFO]: 2025-07-14 10:54:57 - PreDownloadProcess.Init() End
[INFO]: 2025-07-14 10:54:57 - PreDownloadProcess.Check() Start...
[INFO]: 2025-07-14 10:54:57 - UseHttpProxy = false
[INFO]: 2025-07-14 10:54:57 - UrlConnectednessTest Target Site https://baidu.com Speed: 248 ms, Status: true
[INFO]: 2025-07-14 10:54:57 - Check Sub Supplier Start...
[ERROR]: 2025-07-14 10:54:57 - a4k CheckAlive.Get Get "https://www.a4k.net": dial tcp: lookup www.a4k.net on 172.17.0.1:53: no such host
[WARNING]: 2025-07-14 10:54:57 - a4k Check Alive = false
[INFO]: 2025-07-14 10:54:57 - xunlei Check Alive = true, Speed = 179 ms
[INFO]: 2025-07-14 10:54:57 - shooter Check Alive = true, Speed = 679 ms
[INFO]: 2025-07-14 10:54:57 - Alive Supplier: xunlei
[INFO]: 2025-07-14 10:54:57 - Alive Supplier: shooter
[INFO]: 2025-07-14 10:54:57 - Check Sub Supplier End
[INFO]: 2025-07-14 10:54:57 - MovieFolder Index 0 -- /media/Videos/Movies
[INFO]: 2025-07-14 10:54:57 - SeriesPaths Index 0 -- /media/Videos/TV Shows/
[INFO]: 2025-07-14 10:54:57 - SeriesPaths Index 1 -- /media/Videos/Animes/
[INFO]: 2025-07-14 10:54:57 - PreDownloadProcess.Check() End
[INFO]: 2025-07-14 10:54:57 - PreDownloadProcess.Wait() Done.
[INFO]: 2025-07-14 10:54:57 - Download.SupplierCheck() End
[INFO]: 2025-07-14 10:54:57 - Try Start Http Server At Port 19035
[INFO]: 2025-07-14 10:54:57 - Setup is Done
[INFO]: 2025-07-14 10:54:57 - PreJob Will Start...
[INFO]: 2025-07-14 10:54:57 - PreJob.HotFix() Start...
[INFO]: 2025-07-14 10:54:57 - If you have a lot of videos, it may take a lot of time, just wait...
[INFO]: 2025-07-14 10:54:57 - PreJob.HotFix() End
[INFO]: 2025-07-14 10:54:57 - PreJob.ChangeSubNameFormat() Start...
[INFO]: 2025-07-14 10:54:57 - If you have a lot of videos, it may take a lot of time, just wait...
[INFO]: 2025-07-14 10:54:57 - DesSubFormatter == LateTimeSubFormatter then skip process
[INFO]: 2025-07-14 10:54:57 - PreJob.ChangeSubNameFormat() End
[INFO]: 2025-07-14 10:54:57 - PreJob.Wait() Done.
[INFO]: 2025-07-14 10:54:57 - Setup is Done
[INFO]: 2025-07-14 10:54:57 - RunAtStartup: false, so will not Run At Startup
[INFO]: 2025-07-14 10:54:57 - CronHelper Start...
[INFO]: 2025-07-14 10:54:57 - Next Sub Scan Will Process At: 2025-07-14 16:54:57
