2025-07-14 10:54:54.773 WARNING (SyncWorker_1) [homeassistant.loader] We found a custom integration midea_ac_lan which has not been tested by Home Assistant. This component might cause stability problems, be sure to disable it if you experience issues with Home Assistant
2025-07-14 10:54:54.775 WARNING (SyncWorker_1) [homeassistant.loader] We found a custom integration iphonedetect which has not been tested by Home Assistant. This component might cause stability problems, be sure to disable it if you experience issues with Home Assistant
2025-07-14 10:54:54.776 WARNING (SyncWorker_1) [homeassistant.loader] We found a custom integration xiaomi_home which has not been tested by Home Assistant. This component might cause stability problems, be sure to disable it if you experience issues with Home Assistant
2025-07-14 10:54:54.777 WARNING (SyncWorker_1) [homeassistant.loader] We found a custom integration hacs which has not been tested by Home Assistant. This component might cause stability problems, be sure to disable it if you experience issues with Home Assistant
2025-07-14 10:54:56.205 WARNING (Recorder) [homeassistant.components.recorder.util] The system could not validate that the sqlite3 database at //config/home-assistant_v2.db was shutdown cleanly
2025-07-14 10:54:56.251 WARNING (Recorder) [homeassistant.components.recorder.util] Ended unfinished session (id=36 from 2025-07-14 02:48:13.298015)
2025-07-14 10:55:00.459 WARNING (MainThread) [custom_components.hacs] <HacsData async_restore_repository> duplicate IDs The repo id for rsnodgrass/water-heater-card is already set to 279157206
2025-07-14 10:55:00.466 WARNING (MainThread) [custom_components.hacs] <HacsData async_restore_repository> duplicate IDs The repo id for rsnodgrass/hass-adtpulse is already set to 1016273752
2025-07-14 10:55:00.480 WARNING (MainThread) [custom_components.hacs] <HacsData async_restore_repository> duplicate IDs The repo id for rsnodgrass/hass-sensorpush is already set to 1016273292
2025-07-14 10:55:19.355 ERROR (MainThread) [homeassistant] Error doing job: Task exception was never retrieved (None)
Traceback (most recent call last):
  File "/config/custom_components/hacs/base.py", line 667, in startup_tasks
    await self.async_get_all_category_repositories()
  File "/config/custom_components/hacs/base.py", line 832, in async_get_all_category_repositories
    await asyncio.gather(
    ...<4 lines>...
    )
  File "/config/custom_components/hacs/base.py", line 862, in async_get_category_repositories_experimental
    self.repositories.set_repository_id(repository, repo_id)
    ~~~~~~~~~~~~~~~~~~~~~~~~~~~~~~~~~~~^^^^^^^^^^^^^^^^^^^^^
  File "/config/custom_components/hacs/base.py", line 290, in set_repository_id
    raise ValueError(
    ...<2 lines>...
    )
ValueError: The repo id for rsnodgrass/water-heater-card is already set to 279157206
2025-07-14 10:55:19.775 WARNING (ImportExecutor_0) [py.warnings] /usr/local/lib/python3.13/site-packages/google/__init__.py:2: UserWarning: pkg_resources is deprecated as an API. See https://setuptools.pypa.io/en/latest/pkg_resources.html. The pkg_resources package is slated for removal as early as 2025-11-30. Refrain from using this package or pin to Setuptools<81.
  __import__('pkg_resources').declare_namespace(__name__)

2025-07-14 10:55:20.525 WARNING (ImportExecutor_0) [py.warnings] /usr/local/lib/python3.13/site-packages/google/protobuf/runtime_version.py:98: UserWarning: Protobuf gencode version 5.28.1 is exactly one major version older than the runtime version 6.31.1 at pyatv/protocols/mrp/protobuf/ProtocolMessage.proto. Please update the gencode to avoid compatibility violations in the next runtime release.
  warnings.warn(

2025-07-14 10:55:20.525 WARNING (ImportExecutor_0) [py.warnings] /usr/local/lib/python3.13/site-packages/google/protobuf/runtime_version.py:98: UserWarning: Protobuf gencode version 5.28.1 is exactly one major version older than the runtime version 6.31.1 at pyatv/protocols/mrp/protobuf/AudioFadeMessage.proto. Please update the gencode to avoid compatibility violations in the next runtime release.
  warnings.warn(

2025-07-14 10:55:20.526 WARNING (ImportExecutor_0) [py.warnings] /usr/local/lib/python3.13/site-packages/google/protobuf/runtime_version.py:98: UserWarning: Protobuf gencode version 5.28.1 is exactly one major version older than the runtime version 6.31.1 at pyatv/protocols/mrp/protobuf/PlayerPath.proto. Please update the gencode to avoid compatibility violations in the next runtime release.
  warnings.warn(

2025-07-14 10:55:20.527 WARNING (ImportExecutor_0) [py.warnings] /usr/local/lib/python3.13/site-packages/google/protobuf/runtime_version.py:98: UserWarning: Protobuf gencode version 5.28.1 is exactly one major version older than the runtime version 6.31.1 at pyatv/protocols/mrp/protobuf/Origin.proto. Please update the gencode to avoid compatibility violations in the next runtime release.
  warnings.warn(

2025-07-14 10:55:20.527 WARNING (ImportExecutor_0) [py.warnings] /usr/local/lib/python3.13/site-packages/google/protobuf/runtime_version.py:98: UserWarning: Protobuf gencode version 5.28.1 is exactly one major version older than the runtime version 6.31.1 at pyatv/protocols/mrp/protobuf/DeviceInfoMessage.proto. Please update the gencode to avoid compatibility violations in the next runtime release.
  warnings.warn(

2025-07-14 10:55:20.528 WARNING (ImportExecutor_0) [py.warnings] /usr/local/lib/python3.13/site-packages/google/protobuf/runtime_version.py:98: UserWarning: Protobuf gencode version 5.28.1 is exactly one major version older than the runtime version 6.31.1 at pyatv/protocols/mrp/protobuf/Common.proto. Please update the gencode to avoid compatibility violations in the next runtime release.
  warnings.warn(

2025-07-14 10:55:20.529 WARNING (ImportExecutor_0) [py.warnings] /usr/local/lib/python3.13/site-packages/google/protobuf/runtime_version.py:98: UserWarning: Protobuf gencode version 5.28.1 is exactly one major version older than the runtime version 6.31.1 at pyatv/protocols/mrp/protobuf/NowPlayingClient.proto. Please update the gencode to avoid compatibility violations in the next runtime release.
  warnings.warn(

2025-07-14 10:55:20.530 WARNING (ImportExecutor_0) [py.warnings] /usr/local/lib/python3.13/site-packages/google/protobuf/runtime_version.py:98: UserWarning: Protobuf gencode version 5.28.1 is exactly one major version older than the runtime version 6.31.1 at pyatv/protocols/mrp/protobuf/NowPlayingPlayer.proto. Please update the gencode to avoid compatibility violations in the next runtime release.
  warnings.warn(

2025-07-14 10:55:20.531 WARNING (ImportExecutor_0) [py.warnings] /usr/local/lib/python3.13/site-packages/google/protobuf/runtime_version.py:98: UserWarning: Protobuf gencode version 5.28.1 is exactly one major version older than the runtime version 6.31.1 at pyatv/protocols/mrp/protobuf/AudioFadeResponseMessage.proto. Please update the gencode to avoid compatibility violations in the next runtime release.
  warnings.warn(

2025-07-14 10:55:20.531 WARNING (ImportExecutor_0) [py.warnings] /usr/local/lib/python3.13/site-packages/google/protobuf/runtime_version.py:98: UserWarning: Protobuf gencode version 5.28.1 is exactly one major version older than the runtime version 6.31.1 at pyatv/protocols/mrp/protobuf/ClientUpdatesConfigMessage.proto. Please update the gencode to avoid compatibility violations in the next runtime release.
  warnings.warn(

2025-07-14 10:55:20.532 WARNING (ImportExecutor_0) [py.warnings] /usr/local/lib/python3.13/site-packages/google/protobuf/runtime_version.py:98: UserWarning: Protobuf gencode version 5.28.1 is exactly one major version older than the runtime version 6.31.1 at pyatv/protocols/mrp/protobuf/ConfigureConnectionMessage.proto. Please update the gencode to avoid compatibility violations in the next runtime release.
  warnings.warn(

2025-07-14 10:55:20.533 WARNING (ImportExecutor_0) [py.warnings] /usr/local/lib/python3.13/site-packages/google/protobuf/runtime_version.py:98: UserWarning: Protobuf gencode version 5.28.1 is exactly one major version older than the runtime version 6.31.1 at pyatv/protocols/mrp/protobuf/CryptoPairingMessage.proto. Please update the gencode to avoid compatibility violations in the next runtime release.
  warnings.warn(

2025-07-14 10:55:20.533 WARNING (ImportExecutor_0) [py.warnings] /usr/local/lib/python3.13/site-packages/google/protobuf/runtime_version.py:98: UserWarning: Protobuf gencode version 5.28.1 is exactly one major version older than the runtime version 6.31.1 at pyatv/protocols/mrp/protobuf/GenericMessage.proto. Please update the gencode to avoid compatibility violations in the next runtime release.
  warnings.warn(

2025-07-14 10:55:20.534 WARNING (ImportExecutor_0) [py.warnings] /usr/local/lib/python3.13/site-packages/google/protobuf/runtime_version.py:98: UserWarning: Protobuf gencode version 5.28.1 is exactly one major version older than the runtime version 6.31.1 at pyatv/protocols/mrp/protobuf/GetKeyboardSessionMessage.proto. Please update the gencode to avoid compatibility violations in the next runtime release.
  warnings.warn(

2025-07-14 10:55:20.534 WARNING (ImportExecutor_0) [py.warnings] /usr/local/lib/python3.13/site-packages/google/protobuf/runtime_version.py:98: UserWarning: Protobuf gencode version 5.28.1 is exactly one major version older than the runtime version 6.31.1 at pyatv/protocols/mrp/protobuf/GetRemoteTextInputSessionMessage.proto. Please update the gencode to avoid compatibility violations in the next runtime release.
  warnings.warn(

2025-07-14 10:55:20.535 WARNING (ImportExecutor_0) [py.warnings] /usr/local/lib/python3.13/site-packages/google/protobuf/runtime_version.py:98: UserWarning: Protobuf gencode version 5.28.1 is exactly one major version older than the runtime version 6.31.1 at pyatv/protocols/mrp/protobuf/GetVolumeMessage.proto. Please update the gencode to avoid compatibility violations in the next runtime release.
  warnings.warn(

2025-07-14 10:55:20.536 WARNING (ImportExecutor_0) [py.warnings] /usr/local/lib/python3.13/site-packages/google/protobuf/runtime_version.py:98: UserWarning: Protobuf gencode version 5.28.1 is exactly one major version older than the runtime version 6.31.1 at pyatv/protocols/mrp/protobuf/GetVolumeResultMessage.proto. Please update the gencode to avoid compatibility violations in the next runtime release.
  warnings.warn(

2025-07-14 10:55:20.537 WARNING (ImportExecutor_0) [py.warnings] /usr/local/lib/python3.13/site-packages/google/protobuf/runtime_version.py:98: UserWarning: Protobuf gencode version 5.28.1 is exactly one major version older than the runtime version 6.31.1 at pyatv/protocols/mrp/protobuf/KeyboardMessage.proto. Please update the gencode to avoid compatibility violations in the next runtime release.
  warnings.warn(

2025-07-14 10:55:20.537 WARNING (ImportExecutor_0) [py.warnings] /usr/local/lib/python3.13/site-packages/google/protobuf/runtime_version.py:98: UserWarning: Protobuf gencode version 5.28.1 is exactly one major version older than the runtime version 6.31.1 at pyatv/protocols/mrp/protobuf/ModifyOutputContextRequestMessage.proto. Please update the gencode to avoid compatibility violations in the next runtime release.
  warnings.warn(

2025-07-14 10:55:20.538 WARNING (ImportExecutor_0) [py.warnings] /usr/local/lib/python3.13/site-packages/google/protobuf/runtime_version.py:98: UserWarning: Protobuf gencode version 5.28.1 is exactly one major version older than the runtime version 6.31.1 at pyatv/protocols/mrp/protobuf/NotificationMessage.proto. Please update the gencode to avoid compatibility violations in the next runtime release.
  warnings.warn(

